#
# A fatal error has been detected by the Java Runtime Environment:
#
#  EXCEPTION_ACCESS_VIOLATION (0xc0000005) at pc=0x00000000689a84d0, pid=10488, tid=10652
#
# JRE version: Java(TM) SE Runtime Environment (8.0_45-b15) (build 1.8.0_45-b15)
# Java VM: Java HotSpot(TM) 64-Bit Server VM (25.45-b02 mixed mode windows-amd64 compressed oops)
# Problematic frame:
# V  [jvm.dll+0x684d0]
#
# Failed to write core dump. Minidumps are not enabled by default on client versions of Windows
#
# If you would like to submit a bug report, please visit:
#   http://bugreport.java.com/bugreport/crash.jsp
#

---------------  T H R E A D  ---------------

Current thread (0x000000001c304000):  VMThread [stack: 0x000000001d150000,0x000000001d250000] [id=10652]

siginfo: ExceptionCode=0xc0000005, reading address 0x0000000000000040

Registers:
RAX=0x0000000000000040, RBX=0x000000001dd2f500, RCX=0x0000000000000000, RDX=0x00000000382a0040
RSP=0x000000001d24f6a8, RBP=0x000000001c1e5500, RSI=0x0000000068b93da0, RDI=0x00000007c261ffd8
R8 =0x00000000002c82ea, R9 =0x0000000001000000, R10=0x0000000000000000, R11=0x000000001d24f6a8
R12=0x000000001c1e58d8, R13=0x00000000000003d8, R14=0x000000001c1e5500, R15=0x000000001c1e58d8
RIP=0x00000000689a84d0, EFLAGS=0x0000000000010202

Top of Stack: (sp=0x000000001d24f6a8)
0x000000001d24f6a8:   0000000068b939df 000000001c304000
0x000000001d24f6b8:   f08e60c106000000 00000007c2620210
0x000000001d24f6c8:   00000007c2620210 000000001e90c620
0x000000001d24f6d8:   0000000068b93db9 00000007c261ffd8
0x000000001d24f6e8:   0000000068b93da0 000000001c1e58d8
0x000000001d24f6f8:   000000001dd2f500 000000001dd2f530
0x000000001d24f708:   00000000689a1725 0000000000000003
0x000000001d24f718:   0000000000000000 000000001c1e58d8
0x000000001d24f728:   000000001dd2f500 000000001dd2f500
0x000000001d24f738:   0000000068b93f13 000000001dd2f530
0x000000001d24f748:   000000001c1e54f0 000000001c1e54f0
0x000000001d24f758:   00000000000003d8 0000000068f60be8
0x000000001d24f768:   000000001dd2f500 000000000244f200
0x000000001d24f778:   000007fefd84133c 000000001c304000
0x000000001d24f788:   00002d3a36eb4459 0000000000000000
0x000000001d24f798:   0000000068b7b6e3 0000000000000000 

Instructions: (pc=0x00000000689a84d0)
0x00000000689a84b0:   04 08 c3 cc cc cc cc cc cc cc cc cc cc cc cc cc
0x00000000689a84c0:   80 3d 19 18 79 00 00 48 63 05 2a 92 77 00 74 1e
0x00000000689a84d0:   8b 14 08 85 d2 75 03 33 c0 c3 8b 0d b8 82 72 00
0x00000000689a84e0:   48 8b c2 48 d3 e0 48 03 05 a3 82 72 00 c3 48 8b 


Register to memory mapping:

RAX=0x0000000000000040 is an unknown value
RBX=0x000000001dd2f500 is pointing into the stack for thread: 0x000000001d51a000
RCX=0x0000000000000000 is an unknown value
RDX=0x00000000382a0040 is an unknown value
RSP=0x000000001d24f6a8 is an unknown value
RBP=0x000000001c1e5500 is an unknown value
RSI=0x0000000068b93da0 is an unknown value
RDI=0x00000007c261ffd8 is pointing into metadata
R8 =0x00000000002c82ea is an unknown value
R9 =0x0000000001000000 is an unknown value
R10=0x0000000000000000 is an unknown value
R11=0x000000001d24f6a8 is an unknown value
R12=0x000000001c1e58d8 is an unknown value
R13=0x00000000000003d8 is an unknown value
R14=0x000000001c1e5500 is an unknown value
R15=0x000000001c1e58d8 is an unknown value


Stack: [0x000000001d150000,0x000000001d250000],  sp=0x000000001d24f6a8,  free space=1021k
Native frames: (J=compiled Java code, j=interpreted, Vv=VM code, C=native code)
V  [jvm.dll+0x684d0]

VM_Operation (0x000000001dd2f530): HeapDumper, mode: safepoint, requested by thread 0x000000001d51a000


---------------  P R O C E S S  ---------------

Java Threads: ( => current thread )
  0x000000001f700000 JavaThread "TimerQueue" daemon [_thread_blocked, id=7304, stack(0x0000000027110000,0x0000000027210000)]
  0x000000001f6ff800 JavaThread "WSIG-Container-failure-monitor" daemon [_thread_in_native, id=9080, stack(0x0000000027220000,0x0000000027320000)]
  0x000000001f6fe800 JavaThread "RMI TCP Connection(idle)" daemon [_thread_blocked, id=10856, stack(0x0000000027000000,0x0000000027100000)]
  0x000000001f6fd000 JavaThread "RMI RenewClean-[172.22.14.94:1200]" daemon [_thread_blocked, id=2528, stack(0x0000000026ec0000,0x0000000026fc0000)]
  0x000000001f6fd800 JavaThread "D3D Screen Updater" daemon [_thread_blocked, id=9788, stack(0x00000000262c0000,0x00000000263c0000)]
  0x000000001f6fc000 JavaThread "AWT-EventQueue-0" [_thread_blocked, id=9424, stack(0x0000000023540000,0x0000000023640000)]
  0x000000001f6fb800 JavaThread "DestroyJavaVM" [_thread_blocked, id=7312, stack(0x0000000002770000,0x0000000002870000)]
  0x000000001f6fa800 JavaThread "RMA" [_thread_blocked, id=1128, stack(0x0000000023be0000,0x0000000023ce0000)]
  0x000000001f6fa000 JavaThread "df" [_thread_blocked, id=11016, stack(0x0000000023980000,0x0000000023a80000)]
  0x000000001f6f9000 JavaThread "ams" [_thread_blocked, id=5980, stack(0x00000000237c0000,0x00000000238c0000)]
  0x000000001f6f8800 JavaThread "Thread-9" [_thread_in_native, id=8260, stack(0x0000000023690000,0x0000000023790000)]
  0x000000001f6f7800 JavaThread "Deliverer-4" [_thread_blocked, id=10988, stack(0x0000000022b70000,0x0000000022c70000)]
  0x000000001f6f7000 JavaThread "Deliverer-3" [_thread_blocked, id=11540, stack(0x0000000023230000,0x0000000023330000)]
  0x000000001f6f6000 JavaThread "Deliverer-2" [_thread_blocked, id=9440, stack(0x0000000023040000,0x0000000023140000)]
  0x000000001f6f5800 JavaThread "Deliverer-1" [_thread_blocked, id=11396, stack(0x0000000022e90000,0x0000000022f90000)]
  0x000000001f6f4800 JavaThread "Deliverer-0" [_thread_blocked, id=11936, stack(0x0000000022cf0000,0x0000000022df0000)]
  0x000000001f6f4000 JavaThread "AWT-Windows" daemon [_thread_in_native, id=1108, stack(0x00000000211d0000,0x00000000212d0000)]
  0x000000001f6f3000 JavaThread "AWT-Shutdown" [_thread_blocked, id=8476, stack(0x0000000020f60000,0x0000000021060000)]
  0x000000001fbfc800 JavaThread "Java2D Disposer" daemon [_thread_blocked, id=11380, stack(0x0000000020dd0000,0x0000000020ed0000)]
  0x000000001fbfb800 JavaThread "RMI RenewClean-[172.22.14.94:53247]" daemon [_thread_blocked, id=9284, stack(0x0000000020460000,0x0000000020560000)]
  0x000000001fbfb000 JavaThread "RMI Scheduler(0)" daemon [_thread_blocked, id=11072, stack(0x0000000020990000,0x0000000020a90000)]
  0x000000001f361800 JavaThread "RMI TCP Accept-1099" daemon [_thread_in_native, id=8176, stack(0x00000000207b0000,0x00000000208b0000)]
  0x000000001f328000 JavaThread "Thread-2" [_thread_in_native, id=10808, stack(0x00000000206b0000,0x00000000207b0000)]
  0x000000001f159000 JavaThread "GC Daemon" daemon [_thread_blocked, id=9272, stack(0x0000000020560000,0x0000000020660000)]
  0x000000001f158000 JavaThread "RMI Reaper" [_thread_blocked, id=11020, stack(0x0000000020340000,0x0000000020440000)]
  0x000000001f155800 JavaThread "RMI TCP Accept-0" daemon [_thread_in_native, id=5044, stack(0x000000001ffd0000,0x00000000200d0000)]
  0x000000001f1fa800 JavaThread "JADE Timer dispatcher" [_thread_blocked, id=7588, stack(0x00000000200f0000,0x00000000201f0000)]
  0x000000001d5ac000 JavaThread "Service Thread" daemon [_thread_blocked, id=11704, stack(0x000000001de70000,0x000000001df70000)]
  0x000000001d522000 JavaThread "C1 CompilerThread2" daemon [_thread_blocked, id=1396, stack(0x000000001e1d0000,0x000000001e2d0000)]
  0x000000001d520800 JavaThread "C2 CompilerThread1" daemon [_thread_blocked, id=11348, stack(0x000000001dfc0000,0x000000001e0c0000)]
  0x000000001d51b800 JavaThread "C2 CompilerThread0" daemon [_thread_blocked, id=12280, stack(0x000000001dd50000,0x000000001de50000)]
  0x000000001d51a000 JavaThread "Attach Listener" daemon [_thread_blocked, id=10528, stack(0x000000001dc30000,0x000000001dd30000)]
  0x000000001d517000 JavaThread "Signal Dispatcher" daemon [_thread_blocked, id=7544, stack(0x000000001da10000,0x000000001db10000)]
  0x000000001c310800 JavaThread "Finalizer" daemon [_thread_blocked, id=11032, stack(0x000000001d410000,0x000000001d510000)]
  0x000000001c309800 JavaThread "Reference Handler" daemon [_thread_blocked, id=7240, stack(0x000000001d300000,0x000000001d400000)]

Other Threads:
=>0x000000001c304000 VMThread [stack: 0x000000001d150000,0x000000001d250000] [id=10652]
  0x000000001d5b4800 WatcherThread [stack: 0x000000001e3d0000,0x000000001e4d0000] [id=8272]

VM state:at safepoint (normal execution)

VM Mutex/Monitor currently owned by a thread:  ([mutex/lock_event])
[0x000000000244f980] Threads_lock - owner thread: 0x000000001c304000
[0x000000000244fe80] Heap_lock - owner thread: 0x000000001d51a000

Heap:
 PSYoungGen      total 1235456K, used 542630K [0x000000076b200000, 0x00000007ba880000, 0x00000007c0000000)
  eden space 1183232K, 42% used [0x000000076b200000,0x0000000789a1b148,0x00000007b3580000)
  from space 52224K, 81% used [0x00000007b6d80000,0x00000007b974e710,0x00000007ba080000)
  to   space 57344K, 0% used [0x00000007b3580000,0x00000007b3580000,0x00000007b6d80000)
 ParOldGen       total 265216K, used 49484K [0x00000006c1600000, 0x00000006d1900000, 0x000000076b200000)
  object space 265216K, 18% used [0x00000006c1600000,0x00000006c46530e8,0x00000006d1900000)
 Metaspace       used 247550K, capacity 248075K, committed 248364K, reserved 1257472K
  class space    used 39498K, capacity 39640K, committed 39724K, reserved 1048576K

Card table byte_map: [0x0000000011f00000,0x0000000012700000] byte_map_base: 0x000000000e8f5000

Marking Bits: (ParMarkBitMap*) 0x0000000069144040
 Begin Bits: [0x0000000013220000, 0x00000000171c8000)
 End Bits:   [0x00000000171c8000, 0x000000001b170000)

Polling page: 0x0000000000130000

CodeCache: size=245760Kb used=8770Kb max_used=8992Kb free=236989Kb
 bounds [0x0000000002b40000, 0x0000000003430000, 0x0000000011b40000]
 total_blobs=2937 nmethods=2384 adapters=464
 compilation: enabled

Compilation events (10 events):
Event: 132.808 Thread 0x000000001d520800 nmethod 2845 0x0000000002cd22d0 code [0x0000000002cd2420, 0x0000000002cd2578]
Event: 132.808 Thread 0x000000001d520800 2846       4       java.util.Date::getTime (5 bytes)
Event: 132.808 Thread 0x000000001d520800 nmethod 2846 0x0000000002ea7cd0 code [0x0000000002ea7e20, 0x0000000002ea7ea8]
Event: 132.832 Thread 0x000000001d51b800 nmethod 2844 0x0000000003227490 code [0x0000000003227880, 0x00000000032299a0]
Event: 132.832 Thread 0x000000001d520800 2847       4       sun.util.calendar.AbstractCalendar::getCalendarDate (217 bytes)
Event: 132.842 Thread 0x000000001d520800 nmethod 2847 0x0000000003223810 code [0x00000000032239a0, 0x00000000032243e8]
Event: 132.852 Thread 0x000000001d51b800 2848   !   4       sun.net.www.ParseUtil::decode (316 bytes)
Event: 132.866 Thread 0x000000001d51b800 nmethod 2848 0x0000000003225410 code [0x0000000003225640, 0x0000000003226520]
Event: 138.999 Thread 0x000000001d520800 2849       4       java.lang.Thread::isInterrupted (6 bytes)
Event: 139.000 Thread 0x000000001d520800 nmethod 2849 0x00000000031a2690 code [0x00000000031a27e0, 0x00000000031a2888]

GC Heap History (10 events):
Event: 119.825 GC heap before
{Heap before GC invocations=24 (full 5):
 PSYoungGen      total 904704K, used 482881K [0x000000076b200000, 0x00000007a8100000, 0x00000007c0000000)
  eden space 867840K, 51% used [0x000000076b200000,0x000000078660eb68,0x00000007a0180000)
  from space 36864K, 98% used [0x00000007a5d00000,0x00000007a8081c48,0x00000007a8100000)
  to   space 44544K, 0% used [0x00000007a2a00000,0x00000007a2a00000,0x00000007a5580000)
 ParOldGen       total 211968K, used 57544K [0x00000006c1600000, 0x00000006ce500000, 0x000000076b200000)
  object space 211968K, 27% used [0x00000006c1600000,0x00000006c4e320f8,0x00000006ce500000)
 Metaspace       used 163541K, capacity 164000K, committed 164268K, reserved 1187840K
  class space    used 25129K, capacity 25239K, committed 25260K, reserved 1048576K
Event: 119.848 GC heap after
Heap after GC invocations=24 (full 5):
 PSYoungGen      total 953856K, used 29777K [0x000000076b200000, 0x00000007af600000, 0x00000007c0000000)
  eden space 909312K, 0% used [0x000000076b200000,0x000000076b200000,0x00000007a2a00000)
  from space 44544K, 66% used [0x00000007a2a00000,0x00000007a47147d0,0x00000007a5580000)
  to   space 46592K, 0% used [0x00000007ac880000,0x00000007ac880000,0x00000007af600000)
 ParOldGen       total 211968K, used 57544K [0x00000006c1600000, 0x00000006ce500000, 0x000000076b200000)
  object space 211968K, 27% used [0x00000006c1600000,0x00000006c4e320f8,0x00000006ce500000)
 Metaspace       used 163541K, capacity 164000K, committed 164268K, reserved 1187840K
  class space    used 25129K, capacity 25239K, committed 25260K, reserved 1048576K
}
Event: 119.848 GC heap before
{Heap before GC invocations=25 (full 6):
 PSYoungGen      total 953856K, used 29777K [0x000000076b200000, 0x00000007af600000, 0x00000007c0000000)
  eden space 909312K, 0% used [0x000000076b200000,0x000000076b200000,0x00000007a2a00000)
  from space 44544K, 66% used [0x00000007a2a00000,0x00000007a47147d0,0x00000007a5580000)
  to   space 46592K, 0% used [0x00000007ac880000,0x00000007ac880000,0x00000007af600000)
 ParOldGen       total 211968K, used 57544K [0x00000006c1600000, 0x00000006ce500000, 0x000000076b200000)
  object space 211968K, 27% used [0x00000006c1600000,0x00000006c4e320f8,0x00000006ce500000)
 Metaspace       used 163541K, capacity 164000K, committed 164268K, reserved 1187840K
  class space    used 25129K, capacity 25239K, committed 25260K, reserved 1048576K
Event: 119.949 GC heap after
Heap after GC invocations=25 (full 6):
 PSYoungGen      total 953856K, used 0K [0x000000076b200000, 0x00000007af600000, 0x00000007c0000000)
  eden space 909312K, 0% used [0x000000076b200000,0x000000076b200000,0x00000007a2a00000)
  from space 44544K, 0% used [0x00000007a2a00000,0x00000007a2a00000,0x00000007a5580000)
  to   space 46592K, 0% used [0x00000007ac880000,0x00000007ac880000,0x00000007af600000)
 ParOldGen       total 265216K, used 49476K [0x00000006c1600000, 0x00000006d1900000, 0x000000076b200000)
  object space 265216K, 18% used [0x00000006c1600000,0x00000006c46510e8,0x00000006d1900000)
 Metaspace       used 163541K, capacity 164000K, committed 164268K, reserved 1187840K
  class space    used 25129K, capacity 25239K, committed 25260K, reserved 1048576K
}
Event: 123.172 GC heap before
{Heap before GC invocations=26 (full 6):
 PSYoungGen      total 953856K, used 909312K [0x000000076b200000, 0x00000007af600000, 0x00000007c0000000)
  eden space 909312K, 100% used [0x000000076b200000,0x00000007a2a00000,0x00000007a2a00000)
  from space 44544K, 0% used [0x00000007a2a00000,0x00000007a2a00000,0x00000007a5580000)
  to   space 46592K, 0% used [0x00000007ac880000,0x00000007ac880000,0x00000007af600000)
 ParOldGen       total 265216K, used 49476K [0x00000006c1600000, 0x00000006d1900000, 0x000000076b200000)
  object space 265216K, 18% used [0x00000006c1600000,0x00000006c46510e8,0x00000006d1900000)
 Metaspace       used 185473K, capacity 185984K, committed 186412K, reserved 1206272K
  class space    used 28807K, capacity 28919K, committed 28972K, reserved 1048576K
Event: 123.197 GC heap after
Heap after GC invocations=26 (full 6):
 PSYoungGen      total 1070080K, used 29064K [0x000000076b200000, 0x00000007b1f80000, 0x00000007c0000000)
  eden space 1023488K, 0% used [0x000000076b200000,0x000000076b200000,0x00000007a9980000)
  from space 46592K, 62% used [0x00000007ac880000,0x00000007ae4e2268,0x00000007af600000)
  to   space 48128K, 0% used [0x00000007a9980000,0x00000007a9980000,0x00000007ac880000)
 ParOldGen       total 265216K, used 49476K [0x00000006c1600000, 0x00000006d1900000, 0x000000076b200000)
  object space 265216K, 18% used [0x00000006c1600000,0x00000006c46510e8,0x00000006d1900000)
 Metaspace       used 185473K, capacity 185984K, committed 186412K, reserved 1206272K
  class space    used 28807K, capacity 28919K, committed 28972K, reserved 1048576K
}
Event: 127.113 GC heap before
{Heap before GC invocations=27 (full 6):
 PSYoungGen      total 1070080K, used 1052552K [0x000000076b200000, 0x00000007b1f80000, 0x00000007c0000000)
  eden space 1023488K, 100% used [0x000000076b200000,0x00000007a9980000,0x00000007a9980000)
  from space 46592K, 62% used [0x00000007ac880000,0x00000007ae4e2268,0x00000007af600000)
  to   space 48128K, 0% used [0x00000007a9980000,0x00000007a9980000,0x00000007ac880000)
 ParOldGen       total 265216K, used 49476K [0x00000006c1600000, 0x00000006d1900000, 0x000000076b200000)
  object space 265216K, 18% used [0x00000006c1600000,0x00000006c46510e8,0x00000006d1900000)
 Metaspace       used 205034K, capacity 205536K, committed 205868K, reserved 1222656K
  class space    used 32088K, capacity 32215K, committed 32300K, reserved 1048576K
Event: 127.142 GC heap after
Heap after GC invocations=27 (full 6):
 PSYoungGen      total 1071616K, used 36275K [0x000000076b200000, 0x00000007ba080000, 0x00000007c0000000)
  eden space 1023488K, 0% used [0x000000076b200000,0x000000076b200000,0x00000007a9980000)
  from space 48128K, 75% used [0x00000007a9980000,0x00000007abcece60,0x00000007ac880000)
  to   space 52224K, 0% used [0x00000007b6d80000,0x00000007b6d80000,0x00000007ba080000)
 ParOldGen       total 265216K, used 49476K [0x00000006c1600000, 0x00000006d1900000, 0x000000076b200000)
  object space 265216K, 18% used [0x00000006c1600000,0x00000006c46510e8,0x00000006d1900000)
 Metaspace       used 205034K, capacity 205536K, committed 205868K, reserved 1222656K
  class space    used 32088K, capacity 32215K, committed 32300K, reserved 1048576K
}
Event: 131.002 GC heap before
{Heap before GC invocations=28 (full 6):
 PSYoungGen      total 1071616K, used 1059763K [0x000000076b200000, 0x00000007ba080000, 0x00000007c0000000)
  eden space 1023488K, 100% used [0x000000076b200000,0x00000007a9980000,0x00000007a9980000)
  from space 48128K, 75% used [0x00000007a9980000,0x00000007abcece60,0x00000007ac880000)
  to   space 52224K, 0% used [0x00000007b6d80000,0x00000007b6d80000,0x00000007ba080000)
 ParOldGen       total 265216K, used 49476K [0x00000006c1600000, 0x00000006d1900000, 0x000000076b200000)
  object space 265216K, 18% used [0x00000006c1600000,0x00000006c46510e8,0x00000006d1900000)
 Metaspace       used 232160K, capacity 232646K, committed 233004K, reserved 1245184K
  class space    used 37021K, capacity 37112K, committed 37164K, reserved 1048576K
Event: 131.038 GC heap after
Heap after GC invocations=28 (full 6):
 PSYoungGen      total 1235456K, used 42809K [0x000000076b200000, 0x00000007ba880000, 0x00000007c0000000)
  eden space 1183232K, 0% used [0x000000076b200000,0x000000076b200000,0x00000007b3580000)
  from space 52224K, 81% used [0x00000007b6d80000,0x00000007b974e710,0x00000007ba080000)
  to   space 57344K, 0% used [0x00000007b3580000,0x00000007b3580000,0x00000007b6d80000)
 ParOldGen       total 265216K, used 49484K [0x00000006c1600000, 0x00000006d1900000, 0x000000076b200000)
  object space 265216K, 18% used [0x00000006c1600000,0x00000006c46530e8,0x00000006d1900000)
 Metaspace       used 232160K, capacity 232646K, committed 233004K, reserved 1245184K
  class space    used 37021K, capacity 37112K, committed 37164K, reserved 1048576K
}

Deoptimization events (10 events):
Event: 128.837 Thread 0x000000001f701800 Uncommon trap: reason=unstable_if action=reinterpret pc=0x00000000033b70dc method=java.util.jar.JarFile$JarFileEntry.getCodeSigners()[Ljava/security/CodeSigner; @ 24
Event: 128.837 Thread 0x000000001f701800 Uncommon trap: reason=unstable_if action=reinterpret pc=0x0000000002c9a974 method=java.security.CodeSource.<init>(Ljava/net/URL;[Ljava/security/CodeSigner;)V @ 25
Event: 128.837 Thread 0x000000001f701800 Uncommon trap: reason=unstable_if action=reinterpret pc=0x0000000002daa644 method=java.security.CodeSource.getCertificates()[Ljava/security/cert/Certificate; @ 22
Event: 128.838 Thread 0x000000001f701800 Uncommon trap: reason=unstable_if action=reinterpret pc=0x0000000002efdd3c method=java.util.jar.JarFile$JarFileEntry.getCodeSigners()[Ljava/security/CodeSigner; @ 24
Event: 128.838 Thread 0x000000001f701800 Uncommon trap: reason=unstable_if action=reinterpret pc=0x0000000003259b40 method=java.security.CodeSource.matchCerts(Ljava/security/CodeSource;Z)Z @ 11
Event: 128.838 Thread 0x000000001f701800 Uncommon trap: reason=unstable_if action=reinterpret pc=0x0000000002cdec10 method=java.security.CodeSource.getCertificates()[Ljava/security/cert/Certificate; @ 4
Event: 128.839 Thread 0x000000001f701800 Uncommon trap: reason=unstable_if action=reinterpret pc=0x0000000003066a1c method=java.security.CodeSource.getCertificates()[Ljava/security/cert/Certificate; @ 4
Event: 129.606 Thread 0x000000001f701800 Uncommon trap: reason=unstable_if action=reinterpret pc=0x0000000002f03b10 method=java.security.CodeSource.getCertificates()[Ljava/security/cert/Certificate; @ 4
Event: 129.606 Thread 0x000000001f701800 Uncommon trap: reason=unstable_if action=reinterpret pc=0x0000000002c7931c method=java.security.CodeSource.matchCerts(Ljava/security/CodeSource;Z)Z @ 11
Event: 129.606 Thread 0x000000001f701800 Uncommon trap: reason=unstable_if action=reinterpret pc=0x0000000003209380 method=java.lang.ClassLoader.compareCerts([Ljava/security/cert/Certificate;[Ljava/security/cert/Certificate;)Z @ 24

Internal exceptions (10 events):
Event: 132.922 Thread 0x000000001f701800 Exception <a 'java/lang/NoClassDefFoundError': org/osgi/service/jdbc/DataSourceFactory> (0x0000000788e2d708) thrown at [C:\re\workspace\8-2-build-windows-amd64-cygwin\jdk8u45\3627\hotspot\src\share\vm\classfile\systemDictionary.cpp, line 199]
Event: 132.922 Thread 0x000000001f701800 Exception <a 'java/lang/NoClassDefFoundError'> (0x0000000788e2d708) thrown at [C:\re\workspace\8-2-build-windows-amd64-cygwin\jdk8u45\3627\hotspot\src\share\vm\prims\jvm.cpp, line 1386]
Event: 132.922 Thread 0x000000001f701800 Exception <a 'java/lang/NoClassDefFoundError': com/sun/jna/win32/StdCallLibrary> (0x0000000788e5b348) thrown at [C:\re\workspace\8-2-build-windows-amd64-cygwin\jdk8u45\3627\hotspot\src\share\vm\classfile\systemDictionary.cpp, line 199]
Event: 132.922 Thread 0x000000001f701800 Exception <a 'java/lang/NoClassDefFoundError'> (0x0000000788e5b348) thrown at [C:\re\workspace\8-2-build-windows-amd64-cygwin\jdk8u45\3627\hotspot\src\share\vm\prims\jvm.cpp, line 1386]
Event: 132.923 Thread 0x000000001f701800 Exception <a 'java/lang/NoClassDefFoundError': org/osgi/framework/BundleActivator> (0x0000000788ecd110) thrown at [C:\re\workspace\8-2-build-windows-amd64-cygwin\jdk8u45\3627\hotspot\src\share\vm\classfile\systemDictionary.cpp, line 199]
Event: 132.923 Thread 0x000000001f701800 Exception <a 'java/lang/NoClassDefFoundError'> (0x0000000788ecd110) thrown at [C:\re\workspace\8-2-build-windows-amd64-cygwin\jdk8u45\3627\hotspot\src\share\vm\prims\jvm.cpp, line 1386]
Event: 132.923 Thread 0x000000001f701800 Exception <a 'java/lang/NoClassDefFoundError': org/osgi/service/jdbc/DataSourceFactory> (0x0000000788ef92c0) thrown at [C:\re\workspace\8-2-build-windows-amd64-cygwin\jdk8u45\3627\hotspot\src\share\vm\classfile\systemDictionary.cpp, line 199]
Event: 132.923 Thread 0x000000001f701800 Exception <a 'java/lang/NoClassDefFoundError'> (0x0000000788ef92c0) thrown at [C:\re\workspace\8-2-build-windows-amd64-cygwin\jdk8u45\3627\hotspot\src\share\vm\prims\jvm.cpp, line 1386]
Event: 132.924 Thread 0x000000001f701800 Exception <a 'java/lang/NoClassDefFoundError': com/sun/jna/win32/StdCallLibrary> (0x0000000788f26f00) thrown at [C:\re\workspace\8-2-build-windows-amd64-cygwin\jdk8u45\3627\hotspot\src\share\vm\classfile\systemDictionary.cpp, line 199]
Event: 132.924 Thread 0x000000001f701800 Exception <a 'java/lang/NoClassDefFoundError'> (0x0000000788f26f00) thrown at [C:\re\workspace\8-2-build-windows-amd64-cygwin\jdk8u45\3627\hotspot\src\share\vm\prims\jvm.cpp, line 1386]

Events (10 events):
Event: 132.924 loading class com/sun/jna/win32/StdCallLibrary
Event: 132.924 loading class com/sun/jna/win32/StdCallLibrary done
Event: 132.924 Executing VM operation: RevokeBias
Event: 132.924 Executing VM operation: RevokeBias done
Event: 132.924 Thread 0x000000001f701800 Thread exited: 0x000000001f701800
Event: 139.004 Executing VM operation: RevokeBias
Event: 139.004 Executing VM operation: RevokeBias done
Event: 139.004 Executing VM operation: RevokeBias
Event: 139.004 Executing VM operation: RevokeBias done
Event: 142.224 Executing VM operation: HeapDumper


Dynamic libraries:
0x000000013ffd0000 - 0x0000000140007000 	C:\Program Files\Java\jdk1.8.0_45\bin\javaw.exe
0x0000000077c90000 - 0x0000000077e2f000 	C:\Windows\SYSTEM32\ntdll.dll
0x0000000077b70000 - 0x0000000077c8f000 	C:\Windows\system32\kernel32.dll
0x000007fefd840000 - 0x000007fefd8aa000 	C:\Windows\system32\KERNELBASE.dll
0x000007fefe0f0000 - 0x000007fefe1cb000 	C:\Windows\system32\ADVAPI32.dll
0x000007fefdd10000 - 0x000007fefddaf000 	C:\Windows\system32\msvcrt.dll
0x000007feff590000 - 0x000007feff5af000 	C:\Windows\SYSTEM32\sechost.dll
0x000007feffd30000 - 0x000007feffe5c000 	C:\Windows\system32\RPCRT4.dll
0x0000000077a70000 - 0x0000000077b6a000 	C:\Windows\system32\USER32.dll
0x000007fefddb0000 - 0x000007fefde17000 	C:\Windows\system32\GDI32.dll
0x000007fefff70000 - 0x000007fefff7e000 	C:\Windows\system32\LPK.dll
0x000007feff160000 - 0x000007feff22b000 	C:\Windows\system32\USP10.dll
0x000007fefc170000 - 0x000007fefc364000 	C:\Windows\WinSxS\amd64_microsoft.windows.common-controls_6595b64144ccf1df_6.0.7601.18837_none_fa3b1e3d17594757\COMCTL32.dll
0x000007fefdc40000 - 0x000007fefdcb1000 	C:\Windows\system32\SHLWAPI.dll
0x000007fefde20000 - 0x000007fefde4e000 	C:\Windows\system32\IMM32.DLL
0x000007feffe60000 - 0x000007fefff69000 	C:\Windows\system32\MSCTF.dll
0x000007fef1080000 - 0x000007fef1131000 	C:\Program Files\McAfee\Endpoint Security\Threat Prevention\Ips\EpMPApi.dll
0x000007fefdb60000 - 0x000007fefdb9b000 	C:\Windows\system32\WINTRUST.dll
0x000007fefd910000 - 0x000007fefda7d000 	C:\Windows\system32\CRYPT32.dll
0x000007fefd7e0000 - 0x000007fefd7ef000 	C:\Windows\system32\MSASN1.dll
0x000000006eeb0000 - 0x000000006eebc000 	C:\Program Files\McAfee\Endpoint Security\Threat Prevention\Ips\EpMPThe.dll
0x000000006e800000 - 0x000000006e8d2000 	C:\Program Files\Java\jdk1.8.0_45\jre\bin\msvcr100.dll
0x0000000068940000 - 0x00000000691c3000 	C:\Program Files\Java\jdk1.8.0_45\jre\bin\server\jvm.dll
0x000007fef8050000 - 0x000007fef8059000 	C:\Windows\system32\WSOCK32.dll
0x000007fefdcc0000 - 0x000007fefdd0d000 	C:\Windows\system32\WS2_32.dll
0x000007fefdf50000 - 0x000007fefdf58000 	C:\Windows\system32\NSI.dll
0x000007fefb260000 - 0x000007fefb29b000 	C:\Windows\system32\WINMM.dll
0x000007fefc8b0000 - 0x000007fefc8bc000 	C:\Windows\system32\VERSION.dll
0x0000000077e40000 - 0x0000000077e47000 	C:\Windows\system32\PSAPI.DLL
0x00000000700f0000 - 0x00000000700ff000 	C:\Program Files\Java\jdk1.8.0_45\jre\bin\verify.dll
0x000000006e990000 - 0x000000006e9b9000 	C:\Program Files\Java\jdk1.8.0_45\jre\bin\java.dll
0x000000006e970000 - 0x000000006e986000 	C:\Program Files\Java\jdk1.8.0_45\jre\bin\zip.dll
0x000007fefe1d0000 - 0x000007fefef5b000 	C:\Windows\system32\SHELL32.dll
0x000007fefef60000 - 0x000007feff15d000 	C:\Windows\system32\ole32.dll
0x000007fefd7f0000 - 0x000007fefd7ff000 	C:\Windows\system32\profapi.dll
0x000000006e950000 - 0x000000006e96a000 	C:\Program Files\Java\jdk1.8.0_45\jre\bin\net.dll
0x000007fefcf20000 - 0x000007fefcf75000 	C:\Windows\system32\mswsock.dll
0x000007fefcf10000 - 0x000007fefcf17000 	C:\Windows\System32\wship6.dll
0x000007fefae90000 - 0x000007fefaea5000 	C:\Windows\system32\NLAapi.dll
0x000007fef9750000 - 0x000007fef9765000 	C:\Windows\system32\napinsp.dll
0x000007fef9c50000 - 0x000007fef9c69000 	C:\Windows\system32\pnrpnsp.dll
0x000007fefcda0000 - 0x000007fefcdfb000 	C:\Windows\system32\DNSAPI.dll
0x000007fef9c40000 - 0x000007fef9c4b000 	C:\Windows\System32\winrnr.dll
0x0000000075510000 - 0x0000000075536000 	C:\Program Files\Bonjour\mdnsNSP.dll
0x000007fefac80000 - 0x000007fefaca7000 	C:\Windows\system32\Iphlpapi.DLL
0x000007fefac70000 - 0x000007fefac7b000 	C:\Windows\system32\WINNSI.DLL
0x000007fefc980000 - 0x000007fefc987000 	C:\Windows\System32\wshtcpip.dll
0x000007fefa590000 - 0x000007fefa598000 	C:\Windows\system32\rasadhlp.dll
0x000007fefaad0000 - 0x000007fefab23000 	C:\Windows\System32\fwpuclnt.dll
0x000007fefcf80000 - 0x000007fefcf98000 	C:\Windows\system32\CRYPTSP.dll
0x000007fefcc80000 - 0x000007fefccc7000 	C:\Windows\system32\rsaenh.dll
0x000007fefd8f0000 - 0x000007fefd90e000 	C:\Windows\system32\USERENV.dll
0x000007fefd640000 - 0x000007fefd64f000 	C:\Windows\system32\CRYPTBASE.dll
0x000007fefab90000 - 0x000007fefaba1000 	C:\Windows\system32\dhcpcsvc6.DLL
0x000007fefab70000 - 0x000007fefab88000 	C:\Windows\system32\dhcpcsvc.DLL
0x000000006e930000 - 0x000000006e941000 	C:\Program Files\Java\jdk1.8.0_45\jre\bin\nio.dll
0x000000006b220000 - 0x000000006b3b8000 	C:\Program Files\Java\jdk1.8.0_45\jre\bin\awt.dll
0x000007fefde70000 - 0x000007fefdf4a000 	C:\Windows\system32\OLEAUT32.dll
0x000007fefba10000 - 0x000007fefba28000 	C:\Windows\system32\DWMAPI.DLL
0x000007fefc390000 - 0x000007fefc3e6000 	C:\Windows\system32\uxtheme.dll
0x000007fef5300000 - 0x000007fef54ff000 	C:\Windows\system32\d3d9.dll
0x000007fef52d0000 - 0x000007fef52d7000 	C:\Windows\system32\d3d8thk.dll
0x000007fedbb50000 - 0x000007fedc39f000 	C:\Windows\system32\igdumdim64.dll
0x000007fef2890000 - 0x000007fef2cc3000 	C:\Windows\system32\igdusc64.dll
0x000000006bb70000 - 0x000000006bbb7000 	C:\Program Files\Java\jdk1.8.0_45\jre\bin\fontmanager.dll
0x000007feff4f0000 - 0x000007feff589000 	C:\Windows\system32\CLBCatQ.DLL
0x000007fefb860000 - 0x000007fefb9c1000 	C:\Windows\system32\WindowsCodecs.dll
0x000007fefd5e0000 - 0x000007fefd637000 	C:\Windows\system32\apphelp.dll
0x000007fef2720000 - 0x000007fef2755000 	C:\Windows\system32\EhStorShell.dll
0x000007feff2b0000 - 0x000007feff487000 	C:\Windows\system32\SETUPAPI.dll
0x000007fefda80000 - 0x000007fefdab6000 	C:\Windows\system32\CFGMGR32.dll
0x000007fefd810000 - 0x000007fefd82a000 	C:\Windows\system32\DEVOBJ.dll
0x000007fefbbf0000 - 0x000007fefbd1c000 	C:\Windows\system32\PROPSYS.dll
0x000007fef26a0000 - 0x000007fef271e000 	C:\Windows\System32\cscui.dll
0x000007fef2690000 - 0x000007fef269c000 	C:\Windows\System32\CSCDLL.dll
0x000007fef8a30000 - 0x000007fef8a3f000 	C:\Windows\system32\CSCAPI.dll
0x000007fef2610000 - 0x000007fef2690000 	C:\Windows\system32\ntshrui.dll
0x000007fefd1e0000 - 0x000007fefd203000 	C:\Windows\system32\srvcli.dll
0x000007fefae00000 - 0x000007fefae0b000 	C:\Windows\system32\slc.dll
0x000000006b1d0000 - 0x000000006b211000 	C:\Program Files\Java\jdk1.8.0_45\jre\bin\t2k.dll
0x000000006e8f0000 - 0x000000006e921000 	C:\Program Files\Java\jdk1.8.0_45\jre\bin\jpeg.dll
0x000007fef7ab0000 - 0x000007fef7bd5000 	C:\Windows\system32\dbghelp.dll

VM Arguments:
jvm_args: -Dfile.encoding=Cp1252 
java_command: jade.Boot -gui Agent-2: jadearchivos2.JadeArchivos2
java_class_path (initial): C:\workspacePruebas\DicomComunicacion\build\classes;C:\wildfly-16.0.0\modules\system\layers\base\javax\activation\api\main\activation-1.1.1.jar;C:\wildfly-16.0.0\modules\system\layers\base\javax\annotation\api\main\jboss-annotations-api_1.3_spec-1.0.1.Final.jar;C:\wildfly-16.0.0\modules\system\layers\base\javax\ejb\api\main\jboss-ejb-api_3.2_spec-1.0.1.Final.jar;C:\wildfly-16.0.0\modules\system\layers\base\javax\el\api\main\jboss-el-api_3.0_spec-1.0.13.Final.jar;C:\wildfly-16.0.0\modules\system\layers\base\javax\enterprise\api\main\cdi-api-2.0.SP1.jar;C:\wildfly-16.0.0\modules\system\layers\base\javax\faces\api\main\jboss-jsf-api_2.3_spec-2.3.9.SP01.jar;C:\wildfly-16.0.0\modules\system\layers\base\javax\inject\api\main\javax.inject-1.jar;C:\wildfly-16.0.0\modules\system\layers\base\javax\interceptor\api\main\jboss-interceptors-api_1.2_spec-1.0.1.Final.jar;C:\wildfly-16.0.0\modules\system\layers\base\javax\jms\api\main\jboss-jms-api_2.0_spec-1.0.2.Final.jar;C:\wildfly-16.0.0\modules\system\layers\base\javax\jws\api\main\jsr181-api-1.0-MR1.jar;C:\wildfly-16.0.0\modules\system\layers\base\javax\mail\api\main\javax.mail-1.6.2.jar;C:\wildfly-16.0.0\modules\system\layers\base\javax\management\j2ee\api\main\jboss-j2eemgmt-api_1.1_spec-1.0.2.Final.jar;C:\wildfly-16.0.0\modules\system\layers\base\javax\persistence\api\main\javax.persistence-api-2.2.jar;C:\wildfly-16.0.0\modules\system\layers\base\javax\resource\api\main\jboss-connector-api_1.7_spec-1.0.1.Final.jar;C:\wildfly-16.0.0\modules\system\layers\base\javax\security\auth\message\api\main\jboss-jaspi-api_1.1_spec-1.0.2.Final.jar;C:\wildfly-16.0.0\modules\system\layers\base\javax\security\jacc\api\main\jboss-jacc-api_1.5_spec-1.0.2.Final.jar;C:\wildfly-16.0.0\modules\system\layers\base\javax\servlet\api\main\jboss-servlet-api_4.0_spec-1.0.0.Final.jar;C:\wildfly-16.0.0\modules\system\layers\base\javax\servlet\jsp\api\main\jboss-jsp-api_2.3_spec-1.0.3.Final.jar;C:\wildfly-16.0.0\modules\system
Launcher Type: SUN_STANDARD

Environment Variables:
JAVA_HOME=C:\Program Files\Java\jdk1.8.0_45
PATH=C:/Program Files/Java/jre1.8.0_45/bin/server;C:/Program Files/Java/jre1.8.0_45/bin;C:/Program Files/Java/jre1.8.0_45/lib/amd64;C:\Program Files (x86)\ActiveState Komodo Edit 11\;C:\ProgramData\Oracle\Java\javapath;C:\Program Files (x86)\Common Files\Oracle\Java\javapath;C:\orant\bin;C:\oracle\product\11.2.0\client_1\bin;c:\Program Files (x86)\Intel\iCLS Client\;c:\Program Files\Intel\iCLS Client\;C:\Windows\system32;C:\Windows;C:\Windows\System32\Wbem;C:\Windows\System32\WindowsPowerShell\v1.0\;C:\Program Files\Intel\Intel(R) Management Engine Components\DAL;C:\Program Files\Intel\Intel(R) Management Engine Components\IPT;C:\Program Files (x86)\Intel\Intel(R) Management Engine Components\DAL;C:\Program Files (x86)\Intel\Intel(R) Management Engine Components\IPT;C:\Program Files (x86)\Aranda\SharedDLL;C:\PostgreSQL\pg96\bin;C:\orant\jdk\bin;C:\Program Files\EmEditor;C:\Program Files\IDM Computer Solutions\UltraEdit;C:\Program Files\Git\cmd;C:\apache-maven-3.6.1\bin;C:\eclipse2018\eclipse;
USERNAME=kmtoaquizam
OS=Windows_NT
PROCESSOR_IDENTIFIER=Intel64 Family 6 Model 60 Stepping 3, GenuineIntel



---------------  S Y S T E M  ---------------

OS: Windows 7 , 64 bit Build 7601 (6.1.7601.24384)

CPU:total 4 (4 cores per cpu, 1 threads per core) family 6 model 60 stepping 3, cmov, cx8, fxsr, mmx, sse, sse2, sse3, ssse3, sse4.1, sse4.2, popcnt, avx, avx2, aes, clmul, erms, lzcnt, tsc, tscinvbit, bmi1, bmi2

Memory: 4k page, physical 16681328k(1493196k free), swap 33360752k(15939064k free)

vm_info: Java HotSpot(TM) 64-Bit Server VM (25.45-b02) for windows-amd64 JRE (1.8.0_45-b15), built on Apr 30 2015 12:40:44 by "java_re" with MS VC++ 10.0 (VS2010)

time: Fri Jun 28 08:56:31 2019
elapsed time: 142 seconds (0d 0h 2m 22s)

