#
# A fatal error has been detected by the Java Runtime Environment:
#
#  EXCEPTION_ACCESS_VIOLATION (0xc0000005) at pc=0x00000000689a84d0, pid=10432, tid=7504
#
# JRE version: Java(TM) SE Runtime Environment (8.0_45-b15) (build 1.8.0_45-b15)
# Java VM: Java HotSpot(TM) 64-Bit Server VM (25.45-b02 mixed mode windows-amd64 compressed oops)
# Problematic frame:
# V  [jvm.dll+0x684d0]
#
# Failed to write core dump. Minidumps are not enabled by default on client versions of Windows
#
# If you would like to submit a bug report, please visit:
#   http://bugreport.java.com/bugreport/crash.jsp
#

---------------  T H R E A D  ---------------

Current thread (0x000000001c124000):  VMThread [stack: 0x000000001d190000,0x000000001d290000] [id=7504]

siginfo: ExceptionCode=0xc0000005, reading address 0x0000000000000040

Registers:
RAX=0x0000000000000040, RBX=0x000000001dd0f460, RCX=0x0000000000000000, RDX=0x0000000037090040
RSP=0x000000001d28f3d8, RBP=0x000000001c005500, RSI=0x0000000068b93da0, RDI=0x00000007c2617fd8
R8 =0x00000000002c7e61, R9 =0x0000000001000000, R10=0x0000000000000000, R11=0x000000001d28f3d8
R12=0x000000001c0058d8, R13=0x00000000000003d8, R14=0x000000001c005500, R15=0x000000001c0058d8
RIP=0x00000000689a84d0, EFLAGS=0x0000000000010202

Top of Stack: (sp=0x000000001d28f3d8)
0x000000001d28f3d8:   0000000068b939df 000000001c124000
0x000000001d28f3e8:   b00b61c106000000 00000007c2618210
0x000000001d28f3f8:   00000007c2618210 000000001e896ed0
0x000000001d28f408:   0000000068b93db9 00000007c2617fd8
0x000000001d28f418:   0000000068b93da0 000000001c0058d8
0x000000001d28f428:   000000001dd0f460 000000001dd0f490
0x000000001d28f438:   00000000689a1725 0000000000000003
0x000000001d28f448:   0000000000000000 000000001c0058d8
0x000000001d28f458:   000000001dd0f460 000000001dd0f460
0x000000001d28f468:   0000000068b93f13 000000001dd0f490
0x000000001d28f478:   000000001c0054f0 000000001c0054f0
0x000000001d28f488:   00000000000003d8 0000000068f60be8
0x000000001d28f498:   000000001dd0f460 0000000000000022
0x000000001d28f4a8:   0000000000000000 0000000000000000
0x000000001d28f4b8:   00002d3ac1069a28 0000000000000000
0x000000001d28f4c8:   0000000068b7b6e3 0000000000000000 

Instructions: (pc=0x00000000689a84d0)
0x00000000689a84b0:   04 08 c3 cc cc cc cc cc cc cc cc cc cc cc cc cc
0x00000000689a84c0:   80 3d 19 18 79 00 00 48 63 05 2a 92 77 00 74 1e
0x00000000689a84d0:   8b 14 08 85 d2 75 03 33 c0 c3 8b 0d b8 82 72 00
0x00000000689a84e0:   48 8b c2 48 d3 e0 48 03 05 a3 82 72 00 c3 48 8b 


Register to memory mapping:

RAX=0x0000000000000040 is an unknown value
RBX=0x000000001dd0f460 is pointing into the stack for thread: 0x000000001d509000
RCX=0x0000000000000000 is an unknown value
RDX=0x0000000037090040 is an unknown value
RSP=0x000000001d28f3d8 is an unknown value
RBP=0x000000001c005500 is an unknown value
RSI=0x0000000068b93da0 is an unknown value
RDI=0x00000007c2617fd8 is pointing into metadata
R8 =0x00000000002c7e61 is an unknown value
R9 =0x0000000001000000 is an unknown value
R10=0x0000000000000000 is an unknown value
R11=0x000000001d28f3d8 is an unknown value
R12=0x000000001c0058d8 is an unknown value
R13=0x00000000000003d8 is an unknown value
R14=0x000000001c005500 is an unknown value
R15=0x000000001c0058d8 is an unknown value


Stack: [0x000000001d190000,0x000000001d290000],  sp=0x000000001d28f3d8,  free space=1020k
Native frames: (J=compiled Java code, j=interpreted, Vv=VM code, C=native code)
V  [jvm.dll+0x684d0]

VM_Operation (0x000000001dd0f490): HeapDumper, mode: safepoint, requested by thread 0x000000001d509000


---------------  P R O C E S S  ---------------

Java Threads: ( => current thread )
  0x000000001f3d8800 JavaThread "WSIG-Container-failure-monitor" daemon [_thread_in_native, id=11728, stack(0x0000000027400000,0x0000000027500000)]
  0x000000001f3d5800 JavaThread "RMI RenewClean-[172.22.14.94:1200]" daemon [_thread_blocked, id=5792, stack(0x00000000272c0000,0x00000000273c0000)]
  0x000000001f3d7000 JavaThread "TimerQueue" daemon [_thread_blocked, id=7796, stack(0x0000000027160000,0x0000000027260000)]
  0x000000001f3d6000 JavaThread "D3D Screen Updater" daemon [_thread_blocked, id=5244, stack(0x0000000026400000,0x0000000026500000)]
  0x000000001f3d4800 JavaThread "AWT-EventQueue-0" [_thread_blocked, id=10188, stack(0x0000000024070000,0x0000000024170000)]
  0x000000001f3d4000 JavaThread "DestroyJavaVM" [_thread_blocked, id=6960, stack(0x00000000025e0000,0x00000000026e0000)]
  0x000000001f3d3000 JavaThread "RMA" [_thread_blocked, id=8376, stack(0x0000000023ad0000,0x0000000023bd0000)]
  0x000000001f3d2800 JavaThread "df" [_thread_blocked, id=11708, stack(0x0000000023c00000,0x0000000023d00000)]
  0x000000001f3d1800 JavaThread "ams" [_thread_blocked, id=10100, stack(0x00000000239d0000,0x0000000023ad0000)]
  0x000000001f3d1000 JavaThread "Thread-9" [_thread_in_native, id=9308, stack(0x0000000022d70000,0x0000000022e70000)]
  0x000000001f3cf800 JavaThread "Deliverer-4" [_thread_blocked, id=5064, stack(0x0000000023610000,0x0000000023710000)]
  0x000000001f3ce800 JavaThread "Deliverer-3" [_thread_blocked, id=9716, stack(0x00000000234c0000,0x00000000235c0000)]
  0x000000001f3ce000 JavaThread "Deliverer-2" [_thread_blocked, id=8636, stack(0x0000000023330000,0x0000000023430000)]
  0x000000001f3cd000 JavaThread "Deliverer-1" [_thread_blocked, id=4308, stack(0x0000000023150000,0x0000000023250000)]
  0x000000001f3cc800 JavaThread "Deliverer-0" [_thread_blocked, id=10304, stack(0x0000000022ee0000,0x0000000022fe0000)]
  0x000000001f3cb800 JavaThread "AWT-Windows" daemon [_thread_in_native, id=7576, stack(0x00000000212a0000,0x00000000213a0000)]
  0x000000001f3cb000 JavaThread "AWT-Shutdown" [_thread_blocked, id=10380, stack(0x0000000020ff0000,0x00000000210f0000)]
  0x000000001f41a800 JavaThread "Java2D Disposer" daemon [_thread_blocked, id=11792, stack(0x0000000020ee0000,0x0000000020fe0000)]
  0x000000001fbb2800 JavaThread "RMI RenewClean-[172.22.14.94:53328]" daemon [_thread_blocked, id=8160, stack(0x0000000020a60000,0x0000000020b60000)]
  0x000000001fbb1800 JavaThread "RMI Scheduler(0)" daemon [_thread_blocked, id=9956, stack(0x0000000020870000,0x0000000020970000)]
  0x000000001f3b2800 JavaThread "RMI TCP Accept-1099" daemon [_thread_in_native, id=5008, stack(0x00000000205f0000,0x00000000206f0000)]
  0x000000001eff0800 JavaThread "Thread-2" [_thread_in_native, id=580, stack(0x00000000204c0000,0x00000000205c0000)]
  0x000000001f230000 JavaThread "GC Daemon" daemon [_thread_blocked, id=9712, stack(0x0000000020390000,0x0000000020490000)]
  0x000000001f3de800 JavaThread "RMI Reaper" [_thread_blocked, id=11376, stack(0x0000000020270000,0x0000000020370000)]
  0x000000001f3c1800 JavaThread "RMI TCP Accept-0" daemon [_thread_in_native, id=11840, stack(0x0000000020050000,0x0000000020150000)]
  0x000000001f32a000 JavaThread "JADE Timer dispatcher" [_thread_blocked, id=9012, stack(0x0000000020160000,0x0000000020260000)]
  0x000000001d597000 JavaThread "Service Thread" daemon [_thread_blocked, id=8252, stack(0x000000001e110000,0x000000001e210000)]
  0x000000001d511800 JavaThread "C1 CompilerThread2" daemon [_thread_blocked, id=1412, stack(0x000000001df90000,0x000000001e090000)]
  0x000000001d510000 JavaThread "C2 CompilerThread1" daemon [_thread_blocked, id=6536, stack(0x000000001dd40000,0x000000001de40000)]
  0x000000001d50a800 JavaThread "C2 CompilerThread0" daemon [_thread_blocked, id=4720, stack(0x000000001d980000,0x000000001da80000)]
  0x000000001d509000 JavaThread "Attach Listener" daemon [_thread_blocked, id=9556, stack(0x000000001dc10000,0x000000001dd10000)]
  0x000000001c189800 JavaThread "Signal Dispatcher" daemon [_thread_blocked, id=9596, stack(0x000000001daf0000,0x000000001dbf0000)]
  0x000000001c130800 JavaThread "Finalizer" daemon [_thread_blocked, id=10952, stack(0x000000001d2f0000,0x000000001d3f0000)]
  0x000000001c129800 JavaThread "Reference Handler" daemon [_thread_blocked, id=5032, stack(0x000000001d400000,0x000000001d500000)]

Other Threads:
=>0x000000001c124000 VMThread [stack: 0x000000001d190000,0x000000001d290000] [id=7504]
  0x000000001d59e000 WatcherThread [stack: 0x000000001e350000,0x000000001e450000] [id=4380]

VM state:at safepoint (normal execution)

VM Mutex/Monitor currently owned by a thread:  ([mutex/lock_event])
[0x00000000023ff980] Threads_lock - owner thread: 0x000000001c124000
[0x00000000023ffe80] Heap_lock - owner thread: 0x000000001d509000

Heap:
 PSYoungGen      total 1297408K, used 427441K [0x000000076b200000, 0x00000007bec80000, 0x00000007c0000000)
  eden space 1245696K, 30% used [0x000000076b200000,0x000000078251db30,0x00000007b7280000)
  from space 51712K, 91% used [0x00000007bac00000,0x00000007bda4ea08,0x00000007bde80000)
  to   space 58880K, 0% used [0x00000007b7280000,0x00000007b7280000,0x00000007bac00000)
 ParOldGen       total 231424K, used 43754K [0x00000006c1600000, 0x00000006cf800000, 0x000000076b200000)
  object space 231424K, 18% used [0x00000006c1600000,0x00000006c40ba978,0x00000006cf800000)
 Metaspace       used 247612K, capacity 248139K, committed 248600K, reserved 1257472K
  class space    used 39496K, capacity 39640K, committed 39728K, reserved 1048576K

Card table byte_map: [0x0000000011d70000,0x0000000012570000] byte_map_base: 0x000000000e765000

Marking Bits: (ParMarkBitMap*) 0x0000000069144040
 Begin Bits: [0x0000000013040000, 0x0000000016fe8000)
 End Bits:   [0x0000000016fe8000, 0x000000001af90000)

Polling page: 0x0000000000170000

CodeCache: size=245760Kb used=8786Kb max_used=8993Kb free=236973Kb
 bounds [0x00000000029b0000, 0x00000000032c0000, 0x00000000119b0000]
 total_blobs=2996 nmethods=2443 adapters=464
 compilation: enabled

Compilation events (10 events):
Event: 351.062 Thread 0x000000001d511800 2907       3       java.io.ObjectInputStream$BlockDataInputStream::readInt (73 bytes)
Event: 351.062 Thread 0x000000001d511800 nmethod 2907 0x0000000002e48e50 code [0x0000000002e48fe0, 0x0000000002e49348]
Event: 351.062 Thread 0x000000001d511800 2908       3       java.io.ObjectStreamField::<init> (268 bytes)
Event: 351.063 Thread 0x000000001d511800 nmethod 2908 0x0000000002e688d0 code [0x0000000002e68ac0, 0x0000000002e693b8]
Event: 381.056 Thread 0x000000001d511800 2909       3       java.util.concurrent.SynchronousQueue$TransferStack::shouldSpin (30 bytes)
Event: 381.057 Thread 0x000000001d511800 nmethod 2909 0x0000000002e48910 code [0x0000000002e48a80, 0x0000000002e48d70]
Event: 445.582 Thread 0x000000001d511800 2910       1       sun.java2d.SurfaceData::getDefaultScale (2 bytes)
Event: 445.582 Thread 0x000000001d511800 nmethod 2910 0x0000000002cd57d0 code [0x0000000002cd5920, 0x0000000002cd5a30]
Event: 445.583 Thread 0x000000001d511800 2911   !   3       sun.awt.PostEventQueue::flush (168 bytes)
Event: 445.584 Thread 0x000000001d511800 nmethod 2911 0x0000000002dd3210 code [0x0000000002dd3460, 0x0000000002dd45a8]

GC Heap History (10 events):
Event: 329.885 GC heap before
{Heap before GC invocations=24 (full 5):
 PSYoungGen      total 951808K, used 398779K [0x000000076b200000, 0x00000007ab400000, 0x00000007c0000000)
  eden space 913920K, 39% used [0x000000076b200000,0x00000007812728b8,0x00000007a2e80000)
  from space 37888K, 99% used [0x00000007a8f00000,0x00000007ab3fc3a8,0x00000007ab400000)
  to   space 46592K, 0% used [0x00000007a5900000,0x00000007a5900000,0x00000007a8680000)
 ParOldGen       total 182784K, used 58417K [0x00000006c1600000, 0x00000006cc880000, 0x000000076b200000)
  object space 182784K, 31% used [0x00000006c1600000,0x00000006c4f0c6e8,0x00000006cc880000)
 Metaspace       used 163532K, capacity 164000K, committed 164248K, reserved 1187840K
  class space    used 25119K, capacity 25239K, committed 25264K, reserved 1048576K
Event: 329.902 GC heap after
Heap after GC invocations=24 (full 5):
 PSYoungGen      total 1004032K, used 19263K [0x000000076b200000, 0x00000007b2980000, 0x00000007c0000000)
  eden space 957440K, 0% used [0x000000076b200000,0x000000076b200000,0x00000007a5900000)
  from space 46592K, 41% used [0x00000007a5900000,0x00000007a6bcff30,0x00000007a8680000)
  to   space 44544K, 0% used [0x00000007afe00000,0x00000007afe00000,0x00000007b2980000)
 ParOldGen       total 182784K, used 62619K [0x00000006c1600000, 0x00000006cc880000, 0x000000076b200000)
  object space 182784K, 34% used [0x00000006c1600000,0x00000006c5326ed8,0x00000006cc880000)
 Metaspace       used 163532K, capacity 164000K, committed 164248K, reserved 1187840K
  class space    used 25119K, capacity 25239K, committed 25264K, reserved 1048576K
}
Event: 329.902 GC heap before
{Heap before GC invocations=25 (full 6):
 PSYoungGen      total 1004032K, used 19263K [0x000000076b200000, 0x00000007b2980000, 0x00000007c0000000)
  eden space 957440K, 0% used [0x000000076b200000,0x000000076b200000,0x00000007a5900000)
  from space 46592K, 41% used [0x00000007a5900000,0x00000007a6bcff30,0x00000007a8680000)
  to   space 44544K, 0% used [0x00000007afe00000,0x00000007afe00000,0x00000007b2980000)
 ParOldGen       total 182784K, used 62619K [0x00000006c1600000, 0x00000006cc880000, 0x000000076b200000)
  object space 182784K, 34% used [0x00000006c1600000,0x00000006c5326ed8,0x00000006cc880000)
 Metaspace       used 163532K, capacity 164000K, committed 164248K, reserved 1187840K
  class space    used 25119K, capacity 25239K, committed 25264K, reserved 1048576K
Event: 330.006 GC heap after
Heap after GC invocations=25 (full 6):
 PSYoungGen      total 1004032K, used 0K [0x000000076b200000, 0x00000007b2980000, 0x00000007c0000000)
  eden space 957440K, 0% used [0x000000076b200000,0x000000076b200000,0x00000007a5900000)
  from space 46592K, 0% used [0x00000007a5900000,0x00000007a5900000,0x00000007a8680000)
  to   space 44544K, 0% used [0x00000007afe00000,0x00000007afe00000,0x00000007b2980000)
 ParOldGen       total 231424K, used 43746K [0x00000006c1600000, 0x00000006cf800000, 0x000000076b200000)
  object space 231424K, 18% used [0x00000006c1600000,0x00000006c40b8978,0x00000006cf800000)
 Metaspace       used 163532K, capacity 164000K, committed 164248K, reserved 1187840K
  class space    used 25119K, capacity 25239K, committed 25264K, reserved 1048576K
}
Event: 333.341 GC heap before
{Heap before GC invocations=26 (full 6):
 PSYoungGen      total 1004032K, used 957440K [0x000000076b200000, 0x00000007b2980000, 0x00000007c0000000)
  eden space 957440K, 100% used [0x000000076b200000,0x00000007a5900000,0x00000007a5900000)
  from space 46592K, 0% used [0x00000007a5900000,0x00000007a5900000,0x00000007a8680000)
  to   space 44544K, 0% used [0x00000007afe00000,0x00000007afe00000,0x00000007b2980000)
 ParOldGen       total 231424K, used 43746K [0x00000006c1600000, 0x00000006cf800000, 0x000000076b200000)
  object space 231424K, 18% used [0x00000006c1600000,0x00000006c40b8978,0x00000006cf800000)
 Metaspace       used 185542K, capacity 185984K, committed 186392K, reserved 1206272K
  class space    used 28806K, capacity 28919K, committed 28976K, reserved 1048576K
Event: 333.363 GC heap after
Heap after GC invocations=26 (full 6):
 PSYoungGen      total 1124352K, used 29579K [0x000000076b200000, 0x00000007b5000000, 0x00000007c0000000)
  eden space 1079808K, 0% used [0x000000076b200000,0x000000076b200000,0x00000007ad080000)
  from space 44544K, 66% used [0x00000007afe00000,0x00000007b1ae2c38,0x00000007b2980000)
  to   space 46592K, 0% used [0x00000007ad080000,0x00000007ad080000,0x00000007afe00000)
 ParOldGen       total 231424K, used 43746K [0x00000006c1600000, 0x00000006cf800000, 0x000000076b200000)
  object space 231424K, 18% used [0x00000006c1600000,0x00000006c40b8978,0x00000006cf800000)
 Metaspace       used 185542K, capacity 185984K, committed 186392K, reserved 1206272K
  class space    used 28806K, capacity 28919K, committed 28976K, reserved 1048576K
}
Event: 337.175 GC heap before
{Heap before GC invocations=27 (full 6):
 PSYoungGen      total 1124352K, used 1109387K [0x000000076b200000, 0x00000007b5000000, 0x00000007c0000000)
  eden space 1079808K, 100% used [0x000000076b200000,0x00000007ad080000,0x00000007ad080000)
  from space 44544K, 66% used [0x00000007afe00000,0x00000007b1ae2c38,0x00000007b2980000)
  to   space 46592K, 0% used [0x00000007ad080000,0x00000007ad080000,0x00000007afe00000)
 ParOldGen       total 231424K, used 43746K [0x00000006c1600000, 0x00000006cf800000, 0x000000076b200000)
  object space 231424K, 18% used [0x00000006c1600000,0x00000006c40b8978,0x00000006cf800000)
 Metaspace       used 207455K, capacity 207904K, committed 208280K, reserved 1224704K
  class space    used 32536K, capacity 32663K, committed 32688K, reserved 1048576K
Event: 337.203 GC heap after
Heap after GC invocations=27 (full 6):
 PSYoungGen      total 1126400K, used 39033K [0x000000076b200000, 0x00000007bde80000, 0x00000007c0000000)
  eden space 1079808K, 0% used [0x000000076b200000,0x000000076b200000,0x00000007ad080000)
  from space 46592K, 83% used [0x00000007ad080000,0x00000007af69e550,0x00000007afe00000)
  to   space 51712K, 0% used [0x00000007bac00000,0x00000007bac00000,0x00000007bde80000)
 ParOldGen       total 231424K, used 43746K [0x00000006c1600000, 0x00000006cf800000, 0x000000076b200000)
  object space 231424K, 18% used [0x00000006c1600000,0x00000006c40b8978,0x00000006cf800000)
 Metaspace       used 207455K, capacity 207904K, committed 208280K, reserved 1224704K
  class space    used 32536K, capacity 32663K, committed 32688K, reserved 1048576K
}
Event: 340.916 GC heap before
{Heap before GC invocations=28 (full 6):
 PSYoungGen      total 1126400K, used 1118841K [0x000000076b200000, 0x00000007bde80000, 0x00000007c0000000)
  eden space 1079808K, 100% used [0x000000076b200000,0x00000007ad080000,0x00000007ad080000)
  from space 46592K, 83% used [0x00000007ad080000,0x00000007af69e550,0x00000007afe00000)
  to   space 51712K, 0% used [0x00000007bac00000,0x00000007bac00000,0x00000007bde80000)
 ParOldGen       total 231424K, used 43746K [0x00000006c1600000, 0x00000006cf800000, 0x000000076b200000)
  object space 231424K, 18% used [0x00000006c1600000,0x00000006c40b8978,0x00000006cf800000)
 Metaspace       used 238802K, capacity 239243K, committed 239768K, reserved 1251328K
  class space    used 37878K, capacity 37976K, committed 38064K, reserved 1048576K
Event: 340.951 GC heap after
Heap after GC invocations=28 (full 6):
 PSYoungGen      total 1297408K, used 47418K [0x000000076b200000, 0x00000007bec80000, 0x00000007c0000000)
  eden space 1245696K, 0% used [0x000000076b200000,0x000000076b200000,0x00000007b7280000)
  from space 51712K, 91% used [0x00000007bac00000,0x00000007bda4ea08,0x00000007bde80000)
  to   space 58880K, 0% used [0x00000007b7280000,0x00000007b7280000,0x00000007bac00000)
 ParOldGen       total 231424K, used 43754K [0x00000006c1600000, 0x00000006cf800000, 0x000000076b200000)
  object space 231424K, 18% used [0x00000006c1600000,0x00000006c40ba978,0x00000006cf800000)
 Metaspace       used 238802K, capacity 239243K, committed 239768K, reserved 1251328K
  class space    used 37878K, capacity 37976K, committed 38064K, reserved 1048576K
}

Deoptimization events (10 events):
Event: 338.459 Thread 0x000000001f6fb800 Uncommon trap: reason=unstable_if action=reinterpret pc=0x000000000326c738 method=java.util.jar.JarFile$JarFileEntry.getCodeSigners()[Ljava/security/CodeSigner; @ 24
Event: 338.459 Thread 0x000000001f6fb800 Uncommon trap: reason=unstable_if action=reinterpret pc=0x0000000002e60a34 method=java.security.CodeSource.<init>(Ljava/net/URL;[Ljava/security/CodeSigner;)V @ 25
Event: 338.459 Thread 0x000000001f6fb800 Uncommon trap: reason=unstable_if action=reinterpret pc=0x000000000319d0bc method=java.security.CodeSource.getCertificates()[Ljava/security/cert/Certificate; @ 22
Event: 338.459 Thread 0x000000001f6fb800 Uncommon trap: reason=unstable_if action=reinterpret pc=0x0000000002ca133c method=java.util.jar.JarFile$JarFileEntry.getCodeSigners()[Ljava/security/CodeSigner; @ 24
Event: 338.459 Thread 0x000000001f6fb800 Uncommon trap: reason=unstable_if action=reinterpret pc=0x0000000002d61b04 method=java.security.CodeSource.matchCerts(Ljava/security/CodeSource;Z)Z @ 11
Event: 338.459 Thread 0x000000001f6fb800 Uncommon trap: reason=unstable_if action=reinterpret pc=0x0000000002af00d0 method=java.security.CodeSource.getCertificates()[Ljava/security/cert/Certificate; @ 4
Event: 338.460 Thread 0x000000001f6fb800 Uncommon trap: reason=unstable_if action=reinterpret pc=0x0000000002c43010 method=java.security.CodeSource.getCertificates()[Ljava/security/cert/Certificate; @ 4
Event: 338.460 Thread 0x000000001f6fb800 Uncommon trap: reason=unstable_if action=reinterpret pc=0x0000000002afb1dc method=java.security.CodeSource.getCertificates()[Ljava/security/cert/Certificate; @ 4
Event: 339.147 Thread 0x000000001f6fb800 Uncommon trap: reason=unstable_if action=reinterpret pc=0x0000000002dcc690 method=java.security.CodeSource.getCertificates()[Ljava/security/cert/Certificate; @ 4
Event: 339.148 Thread 0x000000001f6fb800 Uncommon trap: reason=unstable_if action=reinterpret pc=0x0000000002d19d00 method=java.lang.ClassLoader.compareCerts([Ljava/security/cert/Certificate;[Ljava/security/cert/Certificate;)Z @ 24

Internal exceptions (10 events):
Event: 342.197 Thread 0x000000001f6fb800 Exception <a 'java/lang/NoClassDefFoundError': org/osgi/service/jdbc/DataSourceFactory> (0x0000000780ea2680) thrown at [C:\re\workspace\8-2-build-windows-amd64-cygwin\jdk8u45\3627\hotspot\src\share\vm\classfile\systemDictionary.cpp, line 199]
Event: 342.197 Thread 0x000000001f6fb800 Exception <a 'java/lang/NoClassDefFoundError'> (0x0000000780ea2680) thrown at [C:\re\workspace\8-2-build-windows-amd64-cygwin\jdk8u45\3627\hotspot\src\share\vm\prims\jvm.cpp, line 1386]
Event: 342.198 Thread 0x000000001f6fb800 Exception <a 'java/lang/NoClassDefFoundError': com/sun/jna/win32/StdCallLibrary> (0x0000000780ed02c0) thrown at [C:\re\workspace\8-2-build-windows-amd64-cygwin\jdk8u45\3627\hotspot\src\share\vm\classfile\systemDictionary.cpp, line 199]
Event: 342.198 Thread 0x000000001f6fb800 Exception <a 'java/lang/NoClassDefFoundError'> (0x0000000780ed02c0) thrown at [C:\re\workspace\8-2-build-windows-amd64-cygwin\jdk8u45\3627\hotspot\src\share\vm\prims\jvm.cpp, line 1386]
Event: 342.199 Thread 0x000000001f6fb800 Exception <a 'java/lang/NoClassDefFoundError': org/osgi/framework/BundleActivator> (0x0000000780f42088) thrown at [C:\re\workspace\8-2-build-windows-amd64-cygwin\jdk8u45\3627\hotspot\src\share\vm\classfile\systemDictionary.cpp, line 199]
Event: 342.199 Thread 0x000000001f6fb800 Exception <a 'java/lang/NoClassDefFoundError'> (0x0000000780f42088) thrown at [C:\re\workspace\8-2-build-windows-amd64-cygwin\jdk8u45\3627\hotspot\src\share\vm\prims\jvm.cpp, line 1386]
Event: 342.199 Thread 0x000000001f6fb800 Exception <a 'java/lang/NoClassDefFoundError': org/osgi/service/jdbc/DataSourceFactory> (0x0000000780f6e238) thrown at [C:\re\workspace\8-2-build-windows-amd64-cygwin\jdk8u45\3627\hotspot\src\share\vm\classfile\systemDictionary.cpp, line 199]
Event: 342.199 Thread 0x000000001f6fb800 Exception <a 'java/lang/NoClassDefFoundError'> (0x0000000780f6e238) thrown at [C:\re\workspace\8-2-build-windows-amd64-cygwin\jdk8u45\3627\hotspot\src\share\vm\prims\jvm.cpp, line 1386]
Event: 342.200 Thread 0x000000001f6fb800 Exception <a 'java/lang/NoClassDefFoundError': com/sun/jna/win32/StdCallLibrary> (0x0000000780f9be78) thrown at [C:\re\workspace\8-2-build-windows-amd64-cygwin\jdk8u45\3627\hotspot\src\share\vm\classfile\systemDictionary.cpp, line 199]
Event: 342.200 Thread 0x000000001f6fb800 Exception <a 'java/lang/NoClassDefFoundError'> (0x0000000780f9be78) thrown at [C:\re\workspace\8-2-build-windows-amd64-cygwin\jdk8u45\3627\hotspot\src\share\vm\prims\jvm.cpp, line 1386]

Events (10 events):
Event: 350.787 Executing VM operation: RevokeBias
Event: 350.787 Executing VM operation: RevokeBias done
Event: 350.787 Executing VM operation: RevokeBias
Event: 350.787 Executing VM operation: RevokeBias done
Event: 350.787 Executing VM operation: RevokeBias
Event: 350.787 Executing VM operation: RevokeBias done
Event: 350.787 Executing VM operation: RevokeBias
Event: 350.787 Executing VM operation: RevokeBias done
Event: 441.057 Thread 0x000000001f3d7800 Thread exited: 0x000000001f3d7800
Event: 503.104 Executing VM operation: HeapDumper


Dynamic libraries:
0x000000013ffd0000 - 0x0000000140007000 	C:\Program Files\Java\jdk1.8.0_45\bin\javaw.exe
0x0000000077c90000 - 0x0000000077e2f000 	C:\Windows\SYSTEM32\ntdll.dll
0x0000000077b70000 - 0x0000000077c8f000 	C:\Windows\system32\kernel32.dll
0x000007fefd840000 - 0x000007fefd8aa000 	C:\Windows\system32\KERNELBASE.dll
0x000007fefe0f0000 - 0x000007fefe1cb000 	C:\Windows\system32\ADVAPI32.dll
0x000007fefdd10000 - 0x000007fefddaf000 	C:\Windows\system32\msvcrt.dll
0x000007feff590000 - 0x000007feff5af000 	C:\Windows\SYSTEM32\sechost.dll
0x000007feffd30000 - 0x000007feffe5c000 	C:\Windows\system32\RPCRT4.dll
0x0000000077a70000 - 0x0000000077b6a000 	C:\Windows\system32\USER32.dll
0x000007fefddb0000 - 0x000007fefde17000 	C:\Windows\system32\GDI32.dll
0x000007fefff70000 - 0x000007fefff7e000 	C:\Windows\system32\LPK.dll
0x000007feff160000 - 0x000007feff22b000 	C:\Windows\system32\USP10.dll
0x000007fefc170000 - 0x000007fefc364000 	C:\Windows\WinSxS\amd64_microsoft.windows.common-controls_6595b64144ccf1df_6.0.7601.18837_none_fa3b1e3d17594757\COMCTL32.dll
0x000007fefdc40000 - 0x000007fefdcb1000 	C:\Windows\system32\SHLWAPI.dll
0x000007fefde20000 - 0x000007fefde4e000 	C:\Windows\system32\IMM32.DLL
0x000007feffe60000 - 0x000007fefff69000 	C:\Windows\system32\MSCTF.dll
0x000007fef1080000 - 0x000007fef1131000 	C:\Program Files\McAfee\Endpoint Security\Threat Prevention\Ips\EpMPApi.dll
0x000007fefdb60000 - 0x000007fefdb9b000 	C:\Windows\system32\WINTRUST.dll
0x000007fefd910000 - 0x000007fefda7d000 	C:\Windows\system32\CRYPT32.dll
0x000007fefd7e0000 - 0x000007fefd7ef000 	C:\Windows\system32\MSASN1.dll
0x000000006eeb0000 - 0x000000006eebc000 	C:\Program Files\McAfee\Endpoint Security\Threat Prevention\Ips\EpMPThe.dll
0x000000006e800000 - 0x000000006e8d2000 	C:\Program Files\Java\jdk1.8.0_45\jre\bin\msvcr100.dll
0x0000000068940000 - 0x00000000691c3000 	C:\Program Files\Java\jdk1.8.0_45\jre\bin\server\jvm.dll
0x000007fef8050000 - 0x000007fef8059000 	C:\Windows\system32\WSOCK32.dll
0x000007fefdcc0000 - 0x000007fefdd0d000 	C:\Windows\system32\WS2_32.dll
0x000007fefdf50000 - 0x000007fefdf58000 	C:\Windows\system32\NSI.dll
0x000007fefb260000 - 0x000007fefb29b000 	C:\Windows\system32\WINMM.dll
0x000007fefc8b0000 - 0x000007fefc8bc000 	C:\Windows\system32\VERSION.dll
0x0000000077e40000 - 0x0000000077e47000 	C:\Windows\system32\PSAPI.DLL
0x00000000700f0000 - 0x00000000700ff000 	C:\Program Files\Java\jdk1.8.0_45\jre\bin\verify.dll
0x000000006e990000 - 0x000000006e9b9000 	C:\Program Files\Java\jdk1.8.0_45\jre\bin\java.dll
0x000000006e970000 - 0x000000006e986000 	C:\Program Files\Java\jdk1.8.0_45\jre\bin\zip.dll
0x000007fefe1d0000 - 0x000007fefef5b000 	C:\Windows\system32\SHELL32.dll
0x000007fefef60000 - 0x000007feff15d000 	C:\Windows\system32\ole32.dll
0x000007fefd7f0000 - 0x000007fefd7ff000 	C:\Windows\system32\profapi.dll
0x000000006e950000 - 0x000000006e96a000 	C:\Program Files\Java\jdk1.8.0_45\jre\bin\net.dll
0x000007fefcf20000 - 0x000007fefcf75000 	C:\Windows\system32\mswsock.dll
0x000007fefcf10000 - 0x000007fefcf17000 	C:\Windows\System32\wship6.dll
0x000007fefae90000 - 0x000007fefaea5000 	C:\Windows\system32\NLAapi.dll
0x000007fef9750000 - 0x000007fef9765000 	C:\Windows\system32\napinsp.dll
0x000007fef9c50000 - 0x000007fef9c69000 	C:\Windows\system32\pnrpnsp.dll
0x000007fefcda0000 - 0x000007fefcdfb000 	C:\Windows\system32\DNSAPI.dll
0x000007fef9c40000 - 0x000007fef9c4b000 	C:\Windows\System32\winrnr.dll
0x0000000075510000 - 0x0000000075536000 	C:\Program Files\Bonjour\mdnsNSP.dll
0x000007fefac80000 - 0x000007fefaca7000 	C:\Windows\system32\Iphlpapi.DLL
0x000007fefac70000 - 0x000007fefac7b000 	C:\Windows\system32\WINNSI.DLL
0x000007fefc980000 - 0x000007fefc987000 	C:\Windows\System32\wshtcpip.dll
0x000007fefa590000 - 0x000007fefa598000 	C:\Windows\system32\rasadhlp.dll
0x000007fefaad0000 - 0x000007fefab23000 	C:\Windows\System32\fwpuclnt.dll
0x000007fefcf80000 - 0x000007fefcf98000 	C:\Windows\system32\CRYPTSP.dll
0x000007fefcc80000 - 0x000007fefccc7000 	C:\Windows\system32\rsaenh.dll
0x000007fefd8f0000 - 0x000007fefd90e000 	C:\Windows\system32\USERENV.dll
0x000007fefd640000 - 0x000007fefd64f000 	C:\Windows\system32\CRYPTBASE.dll
0x000007fefab90000 - 0x000007fefaba1000 	C:\Windows\system32\dhcpcsvc6.DLL
0x000007fefab70000 - 0x000007fefab88000 	C:\Windows\system32\dhcpcsvc.DLL
0x000000006e930000 - 0x000000006e941000 	C:\Program Files\Java\jdk1.8.0_45\jre\bin\nio.dll
0x000000006b220000 - 0x000000006b3b8000 	C:\Program Files\Java\jdk1.8.0_45\jre\bin\awt.dll
0x000007fefde70000 - 0x000007fefdf4a000 	C:\Windows\system32\OLEAUT32.dll
0x000007fefba10000 - 0x000007fefba28000 	C:\Windows\system32\DWMAPI.DLL
0x000007fefc390000 - 0x000007fefc3e6000 	C:\Windows\system32\uxtheme.dll
0x000007fef5300000 - 0x000007fef54ff000 	C:\Windows\system32\d3d9.dll
0x000007fef52d0000 - 0x000007fef52d7000 	C:\Windows\system32\d3d8thk.dll
0x000007fedbb50000 - 0x000007fedc39f000 	C:\Windows\system32\igdumdim64.dll
0x000007fef2890000 - 0x000007fef2cc3000 	C:\Windows\system32\igdusc64.dll
0x000000006d700000 - 0x000000006d747000 	C:\Program Files\Java\jdk1.8.0_45\jre\bin\fontmanager.dll
0x000007feff4f0000 - 0x000007feff589000 	C:\Windows\system32\CLBCatQ.DLL
0x000007fefb860000 - 0x000007fefb9c1000 	C:\Windows\system32\WindowsCodecs.dll
0x000007fefd5e0000 - 0x000007fefd637000 	C:\Windows\system32\apphelp.dll
0x000007fef2720000 - 0x000007fef2755000 	C:\Windows\system32\EhStorShell.dll
0x000007feff2b0000 - 0x000007feff487000 	C:\Windows\system32\SETUPAPI.dll
0x000007fefda80000 - 0x000007fefdab6000 	C:\Windows\system32\CFGMGR32.dll
0x000007fefd810000 - 0x000007fefd82a000 	C:\Windows\system32\DEVOBJ.dll
0x000007fefbbf0000 - 0x000007fefbd1c000 	C:\Windows\system32\PROPSYS.dll
0x000007fef26a0000 - 0x000007fef271e000 	C:\Windows\System32\cscui.dll
0x000007fef2690000 - 0x000007fef269c000 	C:\Windows\System32\CSCDLL.dll
0x000007fef8a30000 - 0x000007fef8a3f000 	C:\Windows\system32\CSCAPI.dll
0x000007fef2610000 - 0x000007fef2690000 	C:\Windows\system32\ntshrui.dll
0x000007fefd1e0000 - 0x000007fefd203000 	C:\Windows\system32\srvcli.dll
0x000007fefae00000 - 0x000007fefae0b000 	C:\Windows\system32\slc.dll
0x000000006c0f0000 - 0x000000006c131000 	C:\Program Files\Java\jdk1.8.0_45\jre\bin\t2k.dll
0x000000006c9d0000 - 0x000000006ca01000 	C:\Program Files\Java\jdk1.8.0_45\jre\bin\jpeg.dll
0x000007fef7ab0000 - 0x000007fef7bd5000 	C:\Windows\system32\dbghelp.dll

VM Arguments:
jvm_args: -Dfile.encoding=Cp1252 
java_command: jade.Boot -gui Agent-2: jadearchivos2.JadeArchivos2
java_class_path (initial): C:\workspacePruebas\DicomComunicacion\build\classes;C:\wildfly-16.0.0\modules\system\layers\base\javax\activation\api\main\activation-1.1.1.jar;C:\wildfly-16.0.0\modules\system\layers\base\javax\annotation\api\main\jboss-annotations-api_1.3_spec-1.0.1.Final.jar;C:\wildfly-16.0.0\modules\system\layers\base\javax\ejb\api\main\jboss-ejb-api_3.2_spec-1.0.1.Final.jar;C:\wildfly-16.0.0\modules\system\layers\base\javax\el\api\main\jboss-el-api_3.0_spec-1.0.13.Final.jar;C:\wildfly-16.0.0\modules\system\layers\base\javax\enterprise\api\main\cdi-api-2.0.SP1.jar;C:\wildfly-16.0.0\modules\system\layers\base\javax\faces\api\main\jboss-jsf-api_2.3_spec-2.3.9.SP01.jar;C:\wildfly-16.0.0\modules\system\layers\base\javax\inject\api\main\javax.inject-1.jar;C:\wildfly-16.0.0\modules\system\layers\base\javax\interceptor\api\main\jboss-interceptors-api_1.2_spec-1.0.1.Final.jar;C:\wildfly-16.0.0\modules\system\layers\base\javax\jms\api\main\jboss-jms-api_2.0_spec-1.0.2.Final.jar;C:\wildfly-16.0.0\modules\system\layers\base\javax\jws\api\main\jsr181-api-1.0-MR1.jar;C:\wildfly-16.0.0\modules\system\layers\base\javax\mail\api\main\javax.mail-1.6.2.jar;C:\wildfly-16.0.0\modules\system\layers\base\javax\management\j2ee\api\main\jboss-j2eemgmt-api_1.1_spec-1.0.2.Final.jar;C:\wildfly-16.0.0\modules\system\layers\base\javax\persistence\api\main\javax.persistence-api-2.2.jar;C:\wildfly-16.0.0\modules\system\layers\base\javax\resource\api\main\jboss-connector-api_1.7_spec-1.0.1.Final.jar;C:\wildfly-16.0.0\modules\system\layers\base\javax\security\auth\message\api\main\jboss-jaspi-api_1.1_spec-1.0.2.Final.jar;C:\wildfly-16.0.0\modules\system\layers\base\javax\security\jacc\api\main\jboss-jacc-api_1.5_spec-1.0.2.Final.jar;C:\wildfly-16.0.0\modules\system\layers\base\javax\servlet\api\main\jboss-servlet-api_4.0_spec-1.0.0.Final.jar;C:\wildfly-16.0.0\modules\system\layers\base\javax\servlet\jsp\api\main\jboss-jsp-api_2.3_spec-1.0.3.Final.jar;C:\wildfly-16.0.0\modules\system
Launcher Type: SUN_STANDARD

Environment Variables:
JAVA_HOME=C:\Program Files\Java\jdk1.8.0_45
PATH=C:/Program Files/Java/jre1.8.0_45/bin/server;C:/Program Files/Java/jre1.8.0_45/bin;C:/Program Files/Java/jre1.8.0_45/lib/amd64;C:\Program Files (x86)\ActiveState Komodo Edit 11\;C:\ProgramData\Oracle\Java\javapath;C:\Program Files (x86)\Common Files\Oracle\Java\javapath;C:\orant\bin;C:\oracle\product\11.2.0\client_1\bin;c:\Program Files (x86)\Intel\iCLS Client\;c:\Program Files\Intel\iCLS Client\;C:\Windows\system32;C:\Windows;C:\Windows\System32\Wbem;C:\Windows\System32\WindowsPowerShell\v1.0\;C:\Program Files\Intel\Intel(R) Management Engine Components\DAL;C:\Program Files\Intel\Intel(R) Management Engine Components\IPT;C:\Program Files (x86)\Intel\Intel(R) Management Engine Components\DAL;C:\Program Files (x86)\Intel\Intel(R) Management Engine Components\IPT;C:\Program Files (x86)\Aranda\SharedDLL;C:\PostgreSQL\pg96\bin;C:\orant\jdk\bin;C:\Program Files\EmEditor;C:\Program Files\IDM Computer Solutions\UltraEdit;C:\Program Files\Git\cmd;C:\apache-maven-3.6.1\bin;C:\eclipse2018\eclipse;
USERNAME=kmtoaquizam
OS=Windows_NT
PROCESSOR_IDENTIFIER=Intel64 Family 6 Model 60 Stepping 3, GenuineIntel



---------------  S Y S T E M  ---------------

OS: Windows 7 , 64 bit Build 7601 (6.1.7601.24384)

CPU:total 4 (4 cores per cpu, 1 threads per core) family 6 model 60 stepping 3, cmov, cx8, fxsr, mmx, sse, sse2, sse3, ssse3, sse4.1, sse4.2, popcnt, avx, avx2, aes, clmul, erms, lzcnt, tsc, tscinvbit, bmi1, bmi2

Memory: 4k page, physical 16681328k(1710152k free), swap 33360752k(15716384k free)

vm_info: Java HotSpot(TM) 64-Bit Server VM (25.45-b02) for windows-amd64 JRE (1.8.0_45-b15), built on Apr 30 2015 12:40:44 by "java_re" with MS VC++ 10.0 (VS2010)

time: Fri Jun 28 09:08:13 2019
elapsed time: 503 seconds (0d 0h 8m 23s)

